Determining if the pthread_create exist failed with the following output:
Change Dir: /home/melodic/ros_gazebo_autolabor_learning/build/CMakeFiles/CMakeTmp

Run Build Command:"/usr/bin/make" "cmTC_d6b1d/fast"
/usr/bin/make -f CMakeFiles/cmTC_d6b1d.dir/build.make CMakeFiles/cmTC_d6b1d.dir/build
make[1]: Entering directory '/home/melodic/ros_gazebo_autolabor_learning/build/CMakeFiles/CMakeTmp'
Building C object CMakeFiles/cmTC_d6b1d.dir/CheckSymbolExists.c.o
/usr/bin/cc    -o CMakeFiles/cmTC_d6b1d.dir/CheckSymbolExists.c.o   -c /home/melodic/ros_gazebo_autolabor_learning/build/CMakeFiles/CMakeTmp/CheckSymbolExists.c
Linking C executable cmTC_d6b1d
/usr/bin/cmake -E cmake_link_script CMakeFiles/cmTC_d6b1d.dir/link.txt --verbose=1
/usr/bin/cc      -rdynamic CMakeFiles/cmTC_d6b1d.dir/CheckSymbolExists.c.o  -o cmTC_d6b1d 
CMakeFiles/cmTC_d6b1d.dir/CheckSymbolExists.c.o: In function `main':
CheckSymbolExists.c:(.text+0x1b): undefined reference to `pthread_create'
collect2: error: ld returned 1 exit status
CMakeFiles/cmTC_d6b1d.dir/build.make:97: recipe for target 'cmTC_d6b1d' failed
make[1]: *** [cmTC_d6b1d] Error 1
make[1]: Leaving directory '/home/melodic/ros_gazebo_autolabor_learning/build/CMakeFiles/CMakeTmp'
Makefile:126: recipe for target 'cmTC_d6b1d/fast' failed
make: *** [cmTC_d6b1d/fast] Error 2

File /home/melodic/ros_gazebo_autolabor_learning/build/CMakeFiles/CMakeTmp/CheckSymbolExists.c:
/* */
#include <pthread.h>

int main(int argc, char** argv)
{
  (void)argv;
#ifndef pthread_create
  return ((int*)(&pthread_create))[argc];
#else
  (void)argc;
  return 0;
#endif
}

Determining if the function pthread_create exists in the pthreads failed with the following output:
Change Dir: /home/melodic/ros_gazebo_autolabor_learning/build/CMakeFiles/CMakeTmp

Run Build Command:"/usr/bin/make" "cmTC_bacf5/fast"
/usr/bin/make -f CMakeFiles/cmTC_bacf5.dir/build.make CMakeFiles/cmTC_bacf5.dir/build
make[1]: Entering directory '/home/melodic/ros_gazebo_autolabor_learning/build/CMakeFiles/CMakeTmp'
Building C object CMakeFiles/cmTC_bacf5.dir/CheckFunctionExists.c.o
/usr/bin/cc   -DCHECK_FUNCTION_EXISTS=pthread_create   -o CMakeFiles/cmTC_bacf5.dir/CheckFunctionExists.c.o   -c /usr/share/cmake-3.10/Modules/CheckFunctionExists.c
Linking C executable cmTC_bacf5
/usr/bin/cmake -E cmake_link_script CMakeFiles/cmTC_bacf5.dir/link.txt --verbose=1
/usr/bin/cc  -DCHECK_FUNCTION_EXISTS=pthread_create    -rdynamic CMakeFiles/cmTC_bacf5.dir/CheckFunctionExists.c.o  -o cmTC_bacf5 -lpthreads 
/usr/bin/ld: cannot find -lpthreads
collect2: error: ld returned 1 exit status
CMakeFiles/cmTC_bacf5.dir/build.make:97: recipe for target 'cmTC_bacf5' failed
make[1]: *** [cmTC_bacf5] Error 1
make[1]: Leaving directory '/home/melodic/ros_gazebo_autolabor_learning/build/CMakeFiles/CMakeTmp'
Makefile:126: recipe for target 'cmTC_bacf5/fast' failed
make: *** [cmTC_bacf5/fast] Error 2


